2023-01-03 15:30:24,138 [T1] INFO  EngineStarter
BOT Engine Start - v2.5.000.00921
BOT ID: D_20230103_153023_241
BOT PID: 5904
BOT PPID: 8400
BOT Working Directory: C:\Users\k\AppData\Roaming\Brity RPA Designer

2023-01-03 15:30:24,428 [T1] INFO  Config
Initialize Config

2023-01-03 15:30:24,470 [T1] DEBUG Config
Config Loaded

2023-01-03 15:30:24,477 [T1] INFO  Config
Orchestrator Service => https://bwrpa.samsungsds.com:8777

2023-01-03 15:30:24,480 [T1] INFO  Config
Initialize Resource Config

2023-01-03 15:30:24,510 [T1] DEBUG Config
Refresh Language Information

2023-01-03 15:30:24,624 [T1] INFO  Config
All Config Initialized.

2023-01-03 15:30:24,629 [T1] DEBUG KeyManager
Initialize KeyManager

2023-01-03 15:30:24,699 [T1] DEBUG KeyManager
Device ID is initialized.

2023-01-03 15:30:24,750 [T1] INFO  CertLicenseClient
Initialize certificate.

2023-01-03 15:30:24,752 [T1] DEBUG CertLicenseClient
Set Security Protocol: Tls12

2023-01-03 15:30:24,769 [T4] DEBUG JobService
Connect to agent service

2023-01-03 15:30:24,782 [T4] DEBUG JobService
JobService URL : net.tcp://127.0.0.1:59001/rpa/agent

2023-01-03 15:30:24,783 [T4] DEBUG JobService
Open connection

2023-01-03 15:30:24,796 [T4] DEBUG JobService
Register engine to agent

2023-01-03 15:30:24,801 [T4] DEBUG JobService
Engine is connected to agent service.

2023-01-03 15:30:24,801 [T4] DEBUG JobService
Owner Process PID: 8400

2023-01-03 15:30:24,803 [T4] INFO  JobService
Start monitoring owner process is terminated.

2023-01-03 15:30:24,805 [T1] DEBUG ApplicationInitializer
InitMode: Thread

2023-01-03 15:30:24,814 [T1] INFO  LibraryManager
Load Libraries - Started

2023-01-03 15:30:27,099 [T1] INFO  ScreenCapture
Default Screen Capture Bounds: 0,0,1920,1080

2023-01-03 15:30:27,902 [T1] DEBUG LibraryManager
Load built-in script libraries

2023-01-03 15:30:28,141 [T1] INFO  LibraryManager
Load Libraries - Completed.

2023-01-03 15:30:28,152 [T1] DEBUG Config
Refresh Language Information

2023-01-03 15:30:28,153 [T1] DEBUG LibraryManager
LibraryManager Initialized.

2023-01-03 15:32:22,918 [T14] INFO  JobService
Start Job: MyProcess (Foreground)
{
  "UsePIP": false,
  "UserID": null,
  "UserPWD": null,
  "IsRunning": false,
  "ResultMessage": null,
  "JobWorkDir": "C:\\Users\\k\\Documents\\Brity RPA Projects\\reviewGenerator_test\\Histories\\20230103_153222_MyProcess_Designer_20230103_153222_446",
  "JobLogDir": "C:\\Users\\k\\Documents\\Brity RPA Projects\\reviewGenerator_test\\Histories\\20230103_153222_MyProcess_Designer_20230103_153222_446\\Log",
  "JobScreenshotDir": "C:\\Users\\k\\Documents\\Brity RPA Projects\\reviewGenerator_test\\Histories\\20230103_153222_MyProcess_Designer_20230103_153222_446\\Log\\Screenshot",
  "TotalProcessStepCount": 0,
  "CurrentStepNo": 0,
  "CurrentStepName": null,
  "StartTime": "2023-01-03 15:32:22",
  "EndTime": null,
  "EngineID": "D_20230103_153023_241",
  "EnginePID": 0,
  "JobId": "Designer_20230103_153222_446",
  "JobType": 1,
  "UserAuthentication": null,
  "ProcessPath": "C:\\Users\\k\\Documents\\Brity RPA Projects\\reviewGenerator_test\\MyProcess.proc",
  "ProcessId": "789c9201-6b18-40d7-a97d-f5dab165e348",
  "ProcessVer": "",
  "ProcessArgs": null,
  "RequesterType": 3,
  "RequesterId": "designer",
  "RequesterPID": 8400,
  "OptionsJsonString": null,
  "TimeoutSec": 0,
  "State": 0
}

2023-01-03 15:32:23,088 [T12] DEBUG JobService
Waiting library loading...

2023-01-03 15:32:23,091 [T12] DEBUG Config
Reload User Settings

2023-01-03 15:32:23,092 [T12] INFO  JobService
Config Loading Completed.

2023-01-03 15:32:23,093 [T12] DEBUG JobService
Config Loading Time: 3 ms.

2023-01-03 15:32:23,111 [T12] INFO  JobManager
Create JobManager instance for job MyProcess(Designer_20230103_153222_446)

2023-01-03 15:32:23,127 [T3] INFO  JobRequest
Start Callback Sender

2023-01-03 15:32:23,127 [T3] DEBUG JobRequest
Step Callback Interval: 500

2023-01-03 15:32:23,132 [T12] INFO  JobRequest
Job ID : Designer_20230103_153222_446
Project Path  : C:\Users\k\Documents\Brity RPA Projects\reviewGenerator_test\reviewGenerator_test.proj
Process Name  : MyProcess
Engine Mode   : Designer
Requester Type: DesignerRequester PID : 8400

2023-01-03 15:32:23,212 [T12] DEBUG ProjectManager
Set Project Information

2023-01-03 15:32:23,247 [T12] INFO  JobRunner
Initialize Script Engine

2023-01-03 15:32:23,271 [T9] INFO  JobRequest
##############################################################
### STATE: Initializing
##############################################################


2023-01-03 15:32:23,297 [T3] DEBUG JobRequest
Callback - State: Initializing


2023-01-03 15:32:23,503 [T9] DEBUG ScriptSupport
AddHostType (Name:CvtNumber, Type:RPAGO.Custom.ExtendLibrary.DataConverter_Number, Path: )

2023-01-03 15:32:23,504 [T9] DEBUG ScriptSupport
AddHostType (Name:CvtInteger, Type:RPAGO.Custom.ExtendLibrary.DataConverter_Number, Path: )

2023-01-03 15:32:23,504 [T9] DEBUG ScriptSupport
AddHostType (Name:CvtDouble, Type:RPAGO.Custom.ExtendLibrary.DataConverter_Number, Path: )

2023-01-03 15:32:23,504 [T9] DEBUG ScriptSupport
AddHostType (Name:CvtPoint, Type:RPAGO.Custom.ExtendLibrary.DataConverter_Point, Path: )

2023-01-03 15:32:23,505 [T9] DEBUG ScriptSupport
AddHostType (Name:CvtRect, Type:RPAGO.Custom.ExtendLibrary.DataConverter_Rect, Path: )

2023-01-03 15:32:23,510 [T9] DEBUG ScriptSupport
AddHostType (Name:CvtDate, Type:RPAGO.Custom.ExtendLibrary.DataConverter_DateTime, Path: )

2023-01-03 15:32:23,511 [T9] DEBUG ScriptSupport
AddHostType (Name:CvtDateTime, Type:RPAGO.Custom.ExtendLibrary.DataConverter_DateTime, Path: )

2023-01-03 15:32:23,511 [T9] DEBUG ScriptSupport
AddHostType (Name:CvtArray1D, Type:RPAGO.Custom.ExtendLibrary.DataConverter_Array, Path: )

2023-01-03 15:32:23,511 [T9] DEBUG ScriptSupport
AddHostType (Name:CvtArray2D, Type:RPAGO.Custom.ExtendLibrary.DataConverter_Array, Path: )

2023-01-03 15:32:23,511 [T9] DEBUG ScriptSupport
AddHostType (Name:CvtXml, Type:RPAGO.Custom.ExtendLibrary.DataConverter_Xml, Path: )

2023-01-03 15:32:23,511 [T9] DEBUG ScriptSupport
AddHostType (Name:CvtJson, Type:RPAGO.Custom.ExtendLibrary.DataConverter_Json, Path: )

2023-01-03 15:32:23,511 [T9] DEBUG ScriptSupport
AddHostType (Name:CvtString, Type:RPAGO.Custom.ExtendLibrary.DataConverter_String, Path: )

2023-01-03 15:32:23,512 [T9] DEBUG ScriptSupport
AddHostType (Name:CvtString_DateTime, Type:RPAGO.Custom.ExtendLibrary.DataConverter_DateTime, Path: )

2023-01-03 15:32:23,512 [T9] DEBUG ScriptSupport
AddHostType (Name:CvtString_Point, Type:RPAGO.Custom.ExtendLibrary.DataConverter_Point, Path: )

2023-01-03 15:32:23,512 [T9] DEBUG ScriptSupport
AddHostType (Name:CvtString_Rect, Type:RPAGO.Custom.ExtendLibrary.DataConverter_Rect, Path: )

2023-01-03 15:32:23,512 [T9] DEBUG ScriptSupport
AddHostType (Name:CvtString_Xml, Type:RPAGO.Custom.ExtendLibrary.DataConverter_Xml, Path: )

2023-01-03 15:32:23,512 [T9] DEBUG ScriptSupport
AddHostType (Name:CvtString_Json, Type:RPAGO.Custom.ExtendLibrary.DataConverter_Json, Path: )

2023-01-03 15:32:23,924 [T9] INFO  JobRequest
##############################################################
### STATE: Ready
##############################################################


2023-01-03 15:32:23,930 [T3] DEBUG JobRequest
Callback - State: Ready


2023-01-03 15:32:23,937 [T12] INFO  JobRunnerHook
HotKey Hook Started

2023-01-03 15:32:23,938 [T12] INFO  JobRequest
##############################################################
### STATE: Starting
##############################################################


2023-01-03 15:32:23,939 [T9] INFO  JobRunner
RunProcess start

2023-01-03 15:32:23,942 [T9] INFO  JobRequest
##############################################################
### STATE: Running
##############################################################


2023-01-03 15:32:23,942 [T9] INFO  JobRequest
Last job life cycle state: Running

2023-01-03 15:32:23,946 [T3] DEBUG JobRequest
Callback - State: Starting


2023-01-03 15:32:23,962 [T3] DEBUG JobRequest
Callback - State: Running


2023-01-03 15:32:24,335 [T9] INFO  ScreenCapture
Initialize DirectX Screen Capture.

2023-01-03 15:32:24,349 [T1] INFO  DirectXScreenCapturePlayer
DirextX Target Screen Bounds: {X=0,Y=0,Width=1920,Height=1080}

2023-01-03 15:32:24,397 [T1] INFO  DirectXScreenCapturePlayer
Screen 0 Bounds : {X=0,Y=0,Width=1920,Height=1080}

2023-01-03 15:32:24,407 [T11] DEBUG DirectXScreenCapturePlayer
try capture screen to check DirectX screen.

2023-01-03 15:32:24,435 [T9] INFO  ScreenCapture
DirectX Screen Capture Initialized.

2023-01-03 15:32:24,456 [T9] DEBUG JobRunner
DirectX ScreenCapture Checked.

2023-01-03 15:32:24,482 [T9] INFO  JobRequest
##############################################################
### STATE: StartProcess - MyProcess
##############################################################
789c9201-6b18-40d7-a97d-f5dab165e348
MyProcess


2023-01-03 15:32:24,545 [T9] INFO  JobRequest
**************************************************************
*** TASK: MyProcess
**************************************************************
 - STEP 1: S3dc317fabc6f4680bc787391571f25e5 (1/15) - (1/15)
 - [1] InputBox


2023-01-03 15:32:28,745 [T9] INFO  JobRequest
 - STEP 2: Saea29c56dc08402c8e4de5c01fed70bf (2/15) - (2/15)
 - [2] CustomLibrary


2023-01-03 15:32:35,626 [T9] FINE  JobRunner
RunTask ExceptionOccured. TASK: MyProcess => TypeError: Cannot read property 'charCodeAt' of undefined

2023-01-03 15:32:35,674 [T9] INFO  JobRequest
##############################################################
### STATE: EndProcess - MyProcess
##############################################################
789c9201-6b18-40d7-a97d-f5dab165e348
MyProcess


2023-01-03 15:32:35,690 [T9] ERROR JobRunner
Process: MyProcess
Step: CustomLibrary (2/15)

TypeError: Cannot read property 'charCodeAt' of undefined

[CallStack]
  - MyProcess: [2] CustomLibrary

[Global Variables]
  - RESULT = <null> (Any)

[MyProcess Variables]
  - foodName = <undefined> (Undefined)
  - storeName = '밥집' (String)
  - resultText = <undefined> (Undefined)

2023-01-03 15:32:35,690 [T9] DEBUG JobManager
Set Result State: ExceptionOccured

2023-01-03 15:32:37,873 [T9] DEBUG JobRunner
OnProcessFailed

2023-01-03 15:32:37,873 [T8] DEBUG JobRunner
Start timer for checking the job to be completed.

2023-01-03 15:32:37,875 [T9] INFO  JobRunner
Start to clean up resources.

2023-01-03 15:32:37,884 [T9] DEBUG JobRunner
Remove all libraries

2023-01-03 15:32:37,941 [T9] DEBUG NetPlayer
WebPlayer OnDispose

2023-01-03 15:32:37,944 [T9] DEBUG WebPlayer
WebPlayer OnDispose : Do Nothing

2023-01-03 15:32:37,948 [T9] DEBUG UiaAppHelper
WinHelper DisposeAppList Count: 0

2023-01-03 15:32:37,948 [T9] INFO  JobRunner
All Resources Clear

2023-01-03 15:32:37,950 [T9] INFO  JobRunner
Make report.

2023-01-03 15:32:38,003 [T9] DEBUG JobRunner
OnCompleted

2023-01-03 15:32:38,004 [T9] DEBUG JobRunner
SendJobResult: ExceptionOccured

2023-01-03 15:32:38,004 [T9] INFO  JobRequest
##############################################################
### STATE: ExceptionOccured
##############################################################
Process: MyProcess
Step: CustomLibrary (2/15)

TypeError: Cannot read property 'charCodeAt' of undefined

[CallStack]
  - MyProcess: [2] CustomLibrary

[Global Variables]
  - RESULT = <null> (Any)

[MyProcess Variables]
  - foodName = <undefined> (Undefined)
  - storeName = '밥집' (String)
  - resultText = <undefined> (Undefined)


2023-01-03 15:32:38,004 [T9] INFO  JobRequest
Last job life cycle state: ExceptionOccured

2023-01-03 15:32:38,019 [T3] DEBUG JobRequest
Callback - State: ExceptionOccured
Process: MyProcess
Step: CustomLibrary (2/15)

TypeError: Cannot read property 'charCodeAt' of undefined

[CallStack]
  - MyProcess: [2] CustomLibrary

[Global Variables]
  - RESULT = <null> (Any)

[MyProcess Variables]
  - foodName = <undefined> (Undefined)
  - storeName = '밥집' (String)
  - resultText = <undefined> (Undefined)

2023-01-03 15:32:38,025 [T9] INFO  JobRequest
##############################################################
### JOB COMPLETED
##############################################################


2023-01-03 15:32:38,034 [T3] INFO  JobRequest
Callback - JobCompleted

2023-01-03 15:32:38,034 [T3] DEBUG JobRequest
End of Callback Sender

2023-01-03 15:32:38,050 [T9] INFO  JobRunner
RunProcess end

