2023-01-03 15:32:39,089 [T1] INFO  EngineStarter
BOT Engine Start - v2.5.000.00921
BOT ID: D_20230103_153238_049
BOT PID: 6808
BOT PPID: 8400
BOT Working Directory: C:\Users\k\AppData\Roaming\Brity RPA Designer

2023-01-03 15:32:39,379 [T1] INFO  Config
Initialize Config

2023-01-03 15:32:39,421 [T1] DEBUG Config
Config Loaded

2023-01-03 15:32:39,428 [T1] INFO  Config
Orchestrator Service => https://bwrpa.samsungsds.com:8777

2023-01-03 15:32:39,431 [T1] INFO  Config
Initialize Resource Config

2023-01-03 15:32:39,461 [T1] DEBUG Config
Refresh Language Information

2023-01-03 15:32:39,577 [T1] INFO  Config
All Config Initialized.

2023-01-03 15:32:39,581 [T1] DEBUG KeyManager
Initialize KeyManager

2023-01-03 15:32:39,656 [T1] DEBUG KeyManager
Device ID is initialized.

2023-01-03 15:32:39,713 [T1] INFO  CertLicenseClient
Initialize certificate.

2023-01-03 15:32:39,717 [T1] DEBUG CertLicenseClient
Set Security Protocol: Tls12

2023-01-03 15:32:39,739 [T4] DEBUG JobService
Connect to agent service

2023-01-03 15:32:39,755 [T4] DEBUG JobService
JobService URL : net.tcp://127.0.0.1:59001/rpa/agent

2023-01-03 15:32:39,755 [T4] DEBUG JobService
Open connection

2023-01-03 15:32:39,770 [T4] DEBUG JobService
Register engine to agent

2023-01-03 15:32:39,775 [T4] DEBUG JobService
Engine is connected to agent service.

2023-01-03 15:32:39,775 [T4] DEBUG JobService
Owner Process PID: 8400

2023-01-03 15:32:39,778 [T4] INFO  JobService
Start monitoring owner process is terminated.

2023-01-03 15:32:39,779 [T1] DEBUG ApplicationInitializer
InitMode: Thread

2023-01-03 15:32:39,791 [T1] INFO  LibraryManager
Load Libraries - Started

2023-01-03 15:32:41,898 [T1] INFO  ScreenCapture
Default Screen Capture Bounds: 0,0,1920,1080

2023-01-03 15:32:42,712 [T1] DEBUG LibraryManager
Load built-in script libraries

2023-01-03 15:32:42,890 [T1] INFO  LibraryManager
Load Libraries - Completed.

2023-01-03 15:32:42,902 [T1] DEBUG Config
Refresh Language Information

2023-01-03 15:32:42,904 [T1] DEBUG LibraryManager
LibraryManager Initialized.

2023-01-03 15:33:54,447 [T14] INFO  JobService
Start Job: MyProcess (Foreground)
{
  "UsePIP": false,
  "UserID": null,
  "UserPWD": null,
  "IsRunning": false,
  "ResultMessage": null,
  "JobWorkDir": "C:\\Users\\k\\Documents\\Brity RPA Projects\\reviewGenerator_test\\Histories\\20230103_153354_MyProcess_Designer_20230103_153353_917",
  "JobLogDir": "C:\\Users\\k\\Documents\\Brity RPA Projects\\reviewGenerator_test\\Histories\\20230103_153354_MyProcess_Designer_20230103_153353_917\\Log",
  "JobScreenshotDir": "C:\\Users\\k\\Documents\\Brity RPA Projects\\reviewGenerator_test\\Histories\\20230103_153354_MyProcess_Designer_20230103_153353_917\\Log\\Screenshot",
  "TotalProcessStepCount": 0,
  "CurrentStepNo": 0,
  "CurrentStepName": null,
  "StartTime": "2023-01-03 15:33:54",
  "EndTime": null,
  "EngineID": "D_20230103_153238_049",
  "EnginePID": 0,
  "JobId": "Designer_20230103_153353_917",
  "JobType": 1,
  "UserAuthentication": null,
  "ProcessPath": "C:\\Users\\k\\Documents\\Brity RPA Projects\\reviewGenerator_test\\MyProcess.proc",
  "ProcessId": "789c9201-6b18-40d7-a97d-f5dab165e348",
  "ProcessVer": "",
  "ProcessArgs": null,
  "RequesterType": 3,
  "RequesterId": "designer",
  "RequesterPID": 8400,
  "OptionsJsonString": null,
  "TimeoutSec": 0,
  "State": 0
}

2023-01-03 15:33:54,618 [T12] DEBUG JobService
Waiting library loading...

2023-01-03 15:33:54,621 [T12] DEBUG Config
Reload User Settings

2023-01-03 15:33:54,623 [T12] INFO  JobService
Config Loading Completed.

2023-01-03 15:33:54,623 [T12] DEBUG JobService
Config Loading Time: 4 ms.

2023-01-03 15:33:54,637 [T12] INFO  JobManager
Create JobManager instance for job MyProcess(Designer_20230103_153353_917)

2023-01-03 15:33:54,651 [T3] INFO  JobRequest
Start Callback Sender

2023-01-03 15:33:54,651 [T3] DEBUG JobRequest
Step Callback Interval: 500

2023-01-03 15:33:54,651 [T12] INFO  JobRequest
Job ID : Designer_20230103_153353_917
Project Path  : C:\Users\k\Documents\Brity RPA Projects\reviewGenerator_test\reviewGenerator_test.proj
Process Name  : MyProcess
Engine Mode   : Designer
Requester Type: DesignerRequester PID : 8400

2023-01-03 15:33:54,717 [T12] DEBUG ProjectManager
Set Project Information

2023-01-03 15:33:54,749 [T12] INFO  JobRunner
Initialize Script Engine

2023-01-03 15:33:54,771 [T9] INFO  JobRequest
##############################################################
### STATE: Initializing
##############################################################


2023-01-03 15:33:54,799 [T3] DEBUG JobRequest
Callback - State: Initializing


2023-01-03 15:33:55,007 [T9] DEBUG ScriptSupport
AddHostType (Name:CvtNumber, Type:RPAGO.Custom.ExtendLibrary.DataConverter_Number, Path: )

2023-01-03 15:33:55,007 [T9] DEBUG ScriptSupport
AddHostType (Name:CvtInteger, Type:RPAGO.Custom.ExtendLibrary.DataConverter_Number, Path: )

2023-01-03 15:33:55,008 [T9] DEBUG ScriptSupport
AddHostType (Name:CvtDouble, Type:RPAGO.Custom.ExtendLibrary.DataConverter_Number, Path: )

2023-01-03 15:33:55,008 [T9] DEBUG ScriptSupport
AddHostType (Name:CvtPoint, Type:RPAGO.Custom.ExtendLibrary.DataConverter_Point, Path: )

2023-01-03 15:33:55,008 [T9] DEBUG ScriptSupport
AddHostType (Name:CvtRect, Type:RPAGO.Custom.ExtendLibrary.DataConverter_Rect, Path: )

2023-01-03 15:33:55,014 [T9] DEBUG ScriptSupport
AddHostType (Name:CvtDate, Type:RPAGO.Custom.ExtendLibrary.DataConverter_DateTime, Path: )

2023-01-03 15:33:55,014 [T9] DEBUG ScriptSupport
AddHostType (Name:CvtDateTime, Type:RPAGO.Custom.ExtendLibrary.DataConverter_DateTime, Path: )

2023-01-03 15:33:55,014 [T9] DEBUG ScriptSupport
AddHostType (Name:CvtArray1D, Type:RPAGO.Custom.ExtendLibrary.DataConverter_Array, Path: )

2023-01-03 15:33:55,015 [T9] DEBUG ScriptSupport
AddHostType (Name:CvtArray2D, Type:RPAGO.Custom.ExtendLibrary.DataConverter_Array, Path: )

2023-01-03 15:33:55,015 [T9] DEBUG ScriptSupport
AddHostType (Name:CvtXml, Type:RPAGO.Custom.ExtendLibrary.DataConverter_Xml, Path: )

2023-01-03 15:33:55,015 [T9] DEBUG ScriptSupport
AddHostType (Name:CvtJson, Type:RPAGO.Custom.ExtendLibrary.DataConverter_Json, Path: )

2023-01-03 15:33:55,015 [T9] DEBUG ScriptSupport
AddHostType (Name:CvtString, Type:RPAGO.Custom.ExtendLibrary.DataConverter_String, Path: )

2023-01-03 15:33:55,015 [T9] DEBUG ScriptSupport
AddHostType (Name:CvtString_DateTime, Type:RPAGO.Custom.ExtendLibrary.DataConverter_DateTime, Path: )

2023-01-03 15:33:55,015 [T9] DEBUG ScriptSupport
AddHostType (Name:CvtString_Point, Type:RPAGO.Custom.ExtendLibrary.DataConverter_Point, Path: )

2023-01-03 15:33:55,016 [T9] DEBUG ScriptSupport
AddHostType (Name:CvtString_Rect, Type:RPAGO.Custom.ExtendLibrary.DataConverter_Rect, Path: )

2023-01-03 15:33:55,016 [T9] DEBUG ScriptSupport
AddHostType (Name:CvtString_Xml, Type:RPAGO.Custom.ExtendLibrary.DataConverter_Xml, Path: )

2023-01-03 15:33:55,016 [T9] DEBUG ScriptSupport
AddHostType (Name:CvtString_Json, Type:RPAGO.Custom.ExtendLibrary.DataConverter_Json, Path: )

2023-01-03 15:33:55,474 [T9] INFO  JobRequest
##############################################################
### STATE: Ready
##############################################################


2023-01-03 15:33:55,485 [T3] DEBUG JobRequest
Callback - State: Ready


2023-01-03 15:33:55,486 [T12] INFO  JobRunnerHook
HotKey Hook Started

2023-01-03 15:33:55,487 [T12] INFO  JobRequest
##############################################################
### STATE: Starting
##############################################################


2023-01-03 15:33:55,489 [T9] INFO  JobRunner
RunProcess start

2023-01-03 15:33:55,491 [T9] INFO  JobRequest
##############################################################
### STATE: Running
##############################################################


2023-01-03 15:33:55,491 [T9] INFO  JobRequest
Last job life cycle state: Running

2023-01-03 15:33:55,500 [T3] DEBUG JobRequest
Callback - State: Starting


2023-01-03 15:33:55,516 [T3] DEBUG JobRequest
Callback - State: Running


2023-01-03 15:33:55,873 [T9] INFO  ScreenCapture
Initialize DirectX Screen Capture.

2023-01-03 15:33:55,886 [T1] INFO  DirectXScreenCapturePlayer
DirextX Target Screen Bounds: {X=0,Y=0,Width=1920,Height=1080}

2023-01-03 15:33:55,935 [T1] INFO  DirectXScreenCapturePlayer
Screen 0 Bounds : {X=0,Y=0,Width=1920,Height=1080}

2023-01-03 15:33:55,948 [T12] DEBUG DirectXScreenCapturePlayer
try capture screen to check DirectX screen.

2023-01-03 15:33:55,973 [T9] INFO  ScreenCapture
DirectX Screen Capture Initialized.

2023-01-03 15:33:56,001 [T9] DEBUG JobRunner
DirectX ScreenCapture Checked.

2023-01-03 15:33:56,028 [T9] INFO  JobRequest
##############################################################
### STATE: StartProcess - MyProcess
##############################################################
789c9201-6b18-40d7-a97d-f5dab165e348
MyProcess


2023-01-03 15:33:56,099 [T9] INFO  JobRequest
**************************************************************
*** TASK: MyProcess
**************************************************************
 - STEP 1: S3dc317fabc6f4680bc787391571f25e5 (1/15) - (1/15)
 - [1] InputBox


2023-01-03 15:34:02,913 [T9] INFO  JobRequest
 - STEP 2: Saea29c56dc08402c8e4de5c01fed70bf (2/15) - (2/15)
 - [2] CustomLibrary


2023-01-03 15:34:13,779 [T9] FINE  JobRunner
RunTask ExceptionOccured. TASK: MyProcess => TypeError: Cannot read property 'charCodeAt' of undefined

2023-01-03 15:34:13,828 [T9] INFO  JobRequest
##############################################################
### STATE: EndProcess - MyProcess
##############################################################
789c9201-6b18-40d7-a97d-f5dab165e348
MyProcess


2023-01-03 15:34:13,846 [T9] ERROR JobRunner
Process: MyProcess
Step: CustomLibrary (2/15)

TypeError: Cannot read property 'charCodeAt' of undefined

[CallStack]
  - MyProcess: [2] CustomLibrary

[Global Variables]
  - RESULT = <null> (Any)

[MyProcess Variables]
  - foodName = <undefined> (Undefined)
  - storeName = 'qmffor' (String)
  - resultText = <undefined> (Undefined)

2023-01-03 15:34:13,846 [T9] DEBUG JobManager
Set Result State: ExceptionOccured

2023-01-03 15:34:15,009 [T9] DEBUG JobRunner
OnProcessFailed

2023-01-03 15:34:15,009 [T12] DEBUG JobRunner
Start timer for checking the job to be completed.

2023-01-03 15:34:15,010 [T9] INFO  JobRunner
Start to clean up resources.

2023-01-03 15:34:15,018 [T9] DEBUG JobRunner
Remove all libraries

2023-01-03 15:34:15,085 [T9] DEBUG NetPlayer
WebPlayer OnDispose

2023-01-03 15:34:15,089 [T9] DEBUG WebPlayer
WebPlayer OnDispose : Do Nothing

2023-01-03 15:34:15,093 [T9] DEBUG UiaAppHelper
WinHelper DisposeAppList Count: 0

2023-01-03 15:34:15,094 [T9] INFO  JobRunner
All Resources Clear

2023-01-03 15:34:15,096 [T9] INFO  JobRunner
Make report.

2023-01-03 15:34:15,152 [T9] DEBUG JobRunner
OnCompleted

2023-01-03 15:34:15,152 [T9] DEBUG JobRunner
SendJobResult: ExceptionOccured

2023-01-03 15:34:15,152 [T9] INFO  JobRequest
##############################################################
### STATE: ExceptionOccured
##############################################################
Process: MyProcess
Step: CustomLibrary (2/15)

TypeError: Cannot read property 'charCodeAt' of undefined

[CallStack]
  - MyProcess: [2] CustomLibrary

[Global Variables]
  - RESULT = <null> (Any)

[MyProcess Variables]
  - foodName = <undefined> (Undefined)
  - storeName = 'qmffor' (String)
  - resultText = <undefined> (Undefined)


2023-01-03 15:34:15,152 [T9] INFO  JobRequest
Last job life cycle state: ExceptionOccured

2023-01-03 15:34:15,172 [T3] DEBUG JobRequest
Callback - State: ExceptionOccured
Process: MyProcess
Step: CustomLibrary (2/15)

TypeError: Cannot read property 'charCodeAt' of undefined

[CallStack]
  - MyProcess: [2] CustomLibrary

[Global Variables]
  - RESULT = <null> (Any)

[MyProcess Variables]
  - foodName = <undefined> (Undefined)
  - storeName = 'qmffor' (String)
  - resultText = <undefined> (Undefined)

2023-01-03 15:34:15,175 [T9] INFO  JobRequest
##############################################################
### JOB COMPLETED
##############################################################


2023-01-03 15:34:15,187 [T3] INFO  JobRequest
Callback - JobCompleted

2023-01-03 15:34:15,188 [T3] DEBUG JobRequest
End of Callback Sender

2023-01-03 15:34:15,204 [T9] INFO  JobRunner
RunProcess end

