2023-01-03 15:36:02,580 [T1] INFO  EngineStarter
BOT Engine Start - v2.5.000.00921
BOT ID: D_20230103_153601_614
BOT PID: 11552
BOT PPID: 8400
BOT Working Directory: C:\Users\k\AppData\Roaming\Brity RPA Designer

2023-01-03 15:36:02,909 [T1] INFO  Config
Initialize Config

2023-01-03 15:36:02,957 [T1] DEBUG Config
Config Loaded

2023-01-03 15:36:02,965 [T1] INFO  Config
Orchestrator Service => https://bwrpa.samsungsds.com:8777

2023-01-03 15:36:02,968 [T1] INFO  Config
Initialize Resource Config

2023-01-03 15:36:02,999 [T1] DEBUG Config
Refresh Language Information

2023-01-03 15:36:03,113 [T1] INFO  Config
All Config Initialized.

2023-01-03 15:36:03,118 [T1] DEBUG KeyManager
Initialize KeyManager

2023-01-03 15:36:03,186 [T1] DEBUG KeyManager
Device ID is initialized.

2023-01-03 15:36:03,237 [T1] INFO  CertLicenseClient
Initialize certificate.

2023-01-03 15:36:03,240 [T1] DEBUG CertLicenseClient
Set Security Protocol: Tls12

2023-01-03 15:36:03,260 [T4] DEBUG JobService
Connect to agent service

2023-01-03 15:36:03,275 [T4] DEBUG JobService
JobService URL : net.tcp://127.0.0.1:59001/rpa/agent

2023-01-03 15:36:03,275 [T4] DEBUG JobService
Open connection

2023-01-03 15:36:03,292 [T4] DEBUG JobService
Register engine to agent

2023-01-03 15:36:03,298 [T4] DEBUG JobService
Engine is connected to agent service.

2023-01-03 15:36:03,298 [T4] DEBUG JobService
Owner Process PID: 8400

2023-01-03 15:36:03,301 [T4] INFO  JobService
Start monitoring owner process is terminated.

2023-01-03 15:36:03,304 [T1] DEBUG ApplicationInitializer
InitMode: Thread

2023-01-03 15:36:03,317 [T1] INFO  LibraryManager
Load Libraries - Started

2023-01-03 15:36:05,522 [T1] INFO  ScreenCapture
Default Screen Capture Bounds: 0,0,1920,1080

2023-01-03 15:36:06,323 [T1] DEBUG LibraryManager
Load built-in script libraries

2023-01-03 15:36:06,506 [T1] INFO  LibraryManager
Load Libraries - Completed.

2023-01-03 15:36:06,519 [T1] DEBUG Config
Refresh Language Information

2023-01-03 15:36:06,522 [T1] DEBUG LibraryManager
LibraryManager Initialized.

2023-01-03 15:48:26,328 [T14] INFO  JobService
Start Job: MyProcess (Foreground)
{
  "UsePIP": false,
  "UserID": null,
  "UserPWD": null,
  "IsRunning": false,
  "ResultMessage": null,
  "JobWorkDir": "C:\\Users\\k\\Documents\\Brity RPA Projects\\reviewGenerator_test\\Histories\\20230103_154825_MyProcess_Designer_20230103_154825_784",
  "JobLogDir": "C:\\Users\\k\\Documents\\Brity RPA Projects\\reviewGenerator_test\\Histories\\20230103_154825_MyProcess_Designer_20230103_154825_784\\Log",
  "JobScreenshotDir": "C:\\Users\\k\\Documents\\Brity RPA Projects\\reviewGenerator_test\\Histories\\20230103_154825_MyProcess_Designer_20230103_154825_784\\Log\\Screenshot",
  "TotalProcessStepCount": 0,
  "CurrentStepNo": 0,
  "CurrentStepName": null,
  "StartTime": "2023-01-03 15:48:25",
  "EndTime": null,
  "EngineID": "D_20230103_153601_614",
  "EnginePID": 0,
  "JobId": "Designer_20230103_154825_784",
  "JobType": 1,
  "UserAuthentication": null,
  "ProcessPath": "C:\\Users\\k\\Documents\\Brity RPA Projects\\reviewGenerator_test\\MyProcess.proc",
  "ProcessId": "789c9201-6b18-40d7-a97d-f5dab165e348",
  "ProcessVer": "",
  "ProcessArgs": null,
  "RequesterType": 3,
  "RequesterId": "designer",
  "RequesterPID": 8400,
  "OptionsJsonString": null,
  "TimeoutSec": 0,
  "State": 0
}

2023-01-03 15:48:26,511 [T12] DEBUG JobService
Waiting library loading...

2023-01-03 15:48:26,515 [T12] DEBUG Config
Reload User Settings

2023-01-03 15:48:26,517 [T12] INFO  JobService
Config Loading Completed.

2023-01-03 15:48:26,517 [T12] DEBUG JobService
Config Loading Time: 5 ms.

2023-01-03 15:48:26,529 [T12] INFO  JobManager
Create JobManager instance for job MyProcess(Designer_20230103_154825_784)

2023-01-03 15:48:26,540 [T3] INFO  JobRequest
Start Callback Sender

2023-01-03 15:48:26,540 [T3] DEBUG JobRequest
Step Callback Interval: 500

2023-01-03 15:48:26,541 [T12] INFO  JobRequest
Job ID : Designer_20230103_154825_784
Project Path  : C:\Users\k\Documents\Brity RPA Projects\reviewGenerator_test\reviewGenerator_test.proj
Process Name  : MyProcess
Engine Mode   : Designer
Requester Type: DesignerRequester PID : 8400

2023-01-03 15:48:26,589 [T12] DEBUG ProjectManager
Set Project Information

2023-01-03 15:48:26,611 [T12] INFO  JobRunner
Initialize Script Engine

2023-01-03 15:48:26,628 [T9] INFO  JobRequest
##############################################################
### STATE: Initializing
##############################################################


2023-01-03 15:48:26,652 [T3] DEBUG JobRequest
Callback - State: Initializing


2023-01-03 15:48:26,856 [T9] DEBUG ScriptSupport
AddHostType (Name:CvtNumber, Type:RPAGO.Custom.ExtendLibrary.DataConverter_Number, Path: )

2023-01-03 15:48:26,856 [T9] DEBUG ScriptSupport
AddHostType (Name:CvtInteger, Type:RPAGO.Custom.ExtendLibrary.DataConverter_Number, Path: )

2023-01-03 15:48:26,856 [T9] DEBUG ScriptSupport
AddHostType (Name:CvtDouble, Type:RPAGO.Custom.ExtendLibrary.DataConverter_Number, Path: )

2023-01-03 15:48:26,856 [T9] DEBUG ScriptSupport
AddHostType (Name:CvtPoint, Type:RPAGO.Custom.ExtendLibrary.DataConverter_Point, Path: )

2023-01-03 15:48:26,857 [T9] DEBUG ScriptSupport
AddHostType (Name:CvtRect, Type:RPAGO.Custom.ExtendLibrary.DataConverter_Rect, Path: )

2023-01-03 15:48:26,863 [T9] DEBUG ScriptSupport
AddHostType (Name:CvtDate, Type:RPAGO.Custom.ExtendLibrary.DataConverter_DateTime, Path: )

2023-01-03 15:48:26,863 [T9] DEBUG ScriptSupport
AddHostType (Name:CvtDateTime, Type:RPAGO.Custom.ExtendLibrary.DataConverter_DateTime, Path: )

2023-01-03 15:48:26,863 [T9] DEBUG ScriptSupport
AddHostType (Name:CvtArray1D, Type:RPAGO.Custom.ExtendLibrary.DataConverter_Array, Path: )

2023-01-03 15:48:26,864 [T9] DEBUG ScriptSupport
AddHostType (Name:CvtArray2D, Type:RPAGO.Custom.ExtendLibrary.DataConverter_Array, Path: )

2023-01-03 15:48:26,864 [T9] DEBUG ScriptSupport
AddHostType (Name:CvtXml, Type:RPAGO.Custom.ExtendLibrary.DataConverter_Xml, Path: )

2023-01-03 15:48:26,864 [T9] DEBUG ScriptSupport
AddHostType (Name:CvtJson, Type:RPAGO.Custom.ExtendLibrary.DataConverter_Json, Path: )

2023-01-03 15:48:26,864 [T9] DEBUG ScriptSupport
AddHostType (Name:CvtString, Type:RPAGO.Custom.ExtendLibrary.DataConverter_String, Path: )

2023-01-03 15:48:26,864 [T9] DEBUG ScriptSupport
AddHostType (Name:CvtString_DateTime, Type:RPAGO.Custom.ExtendLibrary.DataConverter_DateTime, Path: )

2023-01-03 15:48:26,864 [T9] DEBUG ScriptSupport
AddHostType (Name:CvtString_Point, Type:RPAGO.Custom.ExtendLibrary.DataConverter_Point, Path: )

2023-01-03 15:48:26,865 [T9] DEBUG ScriptSupport
AddHostType (Name:CvtString_Rect, Type:RPAGO.Custom.ExtendLibrary.DataConverter_Rect, Path: )

2023-01-03 15:48:26,865 [T9] DEBUG ScriptSupport
AddHostType (Name:CvtString_Xml, Type:RPAGO.Custom.ExtendLibrary.DataConverter_Xml, Path: )

2023-01-03 15:48:26,865 [T9] DEBUG ScriptSupport
AddHostType (Name:CvtString_Json, Type:RPAGO.Custom.ExtendLibrary.DataConverter_Json, Path: )

2023-01-03 15:48:27,283 [T9] INFO  JobRequest
##############################################################
### STATE: Ready
##############################################################


2023-01-03 15:48:27,290 [T3] DEBUG JobRequest
Callback - State: Ready


2023-01-03 15:48:27,296 [T12] INFO  JobRunnerHook
HotKey Hook Started

2023-01-03 15:48:27,297 [T12] INFO  JobRequest
##############################################################
### STATE: Starting
##############################################################


2023-01-03 15:48:27,298 [T9] INFO  JobRunner
RunProcess start

2023-01-03 15:48:27,300 [T9] INFO  JobRequest
##############################################################
### STATE: Running
##############################################################


2023-01-03 15:48:27,301 [T9] INFO  JobRequest
Last job life cycle state: Running

2023-01-03 15:48:27,306 [T3] DEBUG JobRequest
Callback - State: Starting


2023-01-03 15:48:27,321 [T3] DEBUG JobRequest
Callback - State: Running


2023-01-03 15:48:27,703 [T9] INFO  ScreenCapture
Initialize DirectX Screen Capture.

2023-01-03 15:48:27,716 [T1] INFO  DirectXScreenCapturePlayer
DirextX Target Screen Bounds: {X=0,Y=0,Width=1920,Height=1080}

2023-01-03 15:48:27,766 [T1] INFO  DirectXScreenCapturePlayer
Screen 0 Bounds : {X=0,Y=0,Width=1920,Height=1080}

2023-01-03 15:48:27,776 [T12] DEBUG DirectXScreenCapturePlayer
try capture screen to check DirectX screen.

2023-01-03 15:48:27,804 [T9] INFO  ScreenCapture
DirectX Screen Capture Initialized.

2023-01-03 15:48:27,835 [T9] DEBUG JobRunner
DirectX ScreenCapture Checked.

2023-01-03 15:48:27,862 [T9] INFO  JobRequest
##############################################################
### STATE: StartProcess - MyProcess
##############################################################
789c9201-6b18-40d7-a97d-f5dab165e348
MyProcess


2023-01-03 15:48:27,935 [T9] INFO  JobRequest
**************************************************************
*** TASK: MyProcess
**************************************************************
 - STEP 1: S5c7a2542f02842198de6409ace1c76ea (1/21) - (1/21)
 - [1] Assign


2023-01-03 15:48:28,201 [T9] INFO  JobRequest
 - STEP 2: S34ca831e6c914188a90c03e5f1c9ae2b (2/21) - (2/21)
 - [2] CustomLibrary


2023-01-03 15:48:31,707 [T9] FINE  JobRunner
RunTask ExceptionOccured. TASK: MyProcess => ReferenceError: math is not defined

2023-01-03 15:48:31,733 [T9] INFO  JobRequest
##############################################################
### STATE: EndProcess - MyProcess
##############################################################
789c9201-6b18-40d7-a97d-f5dab165e348
MyProcess


2023-01-03 15:48:31,745 [T9] ERROR JobRunner
Process: MyProcess
Step: CustomLibrary (2/21)

ReferenceError: math is not defined

[CallStack]
  - MyProcess: [2] CustomLibrary

[Global Variables]
  - RESULT = <null> (Any)

[MyProcess Variables]
  - foodName = <undefined> (Undefined)
  - storeName = <undefined> (Undefined)
  - resultText = <undefined> (Undefined)
  - mention1Arr = [' 이용해 주셔서 감사합니다. ', ' 사랑해주셔서 감사합니다. ', ' 고객을 위해 정성을 다합니다. '] (Array1D)
  - mention1 = <undefined> (Undefined)
  - mention2 = <undefined> (Undefined)
  - mention2Arr = <undefined> (Undefined)

2023-01-03 15:48:31,746 [T9] DEBUG JobManager
Set Result State: ExceptionOccured

2023-01-03 15:48:32,765 [T9] DEBUG JobRunner
OnProcessFailed

2023-01-03 15:48:32,765 [T12] DEBUG JobRunner
Start timer for checking the job to be completed.

2023-01-03 15:48:32,766 [T9] INFO  JobRunner
Start to clean up resources.

2023-01-03 15:48:32,768 [T9] DEBUG JobRunner
Remove all libraries

2023-01-03 15:48:32,804 [T9] DEBUG NetPlayer
WebPlayer OnDispose

2023-01-03 15:48:32,806 [T9] DEBUG WebPlayer
WebPlayer OnDispose : Do Nothing

2023-01-03 15:48:32,809 [T9] DEBUG UiaAppHelper
WinHelper DisposeAppList Count: 0

2023-01-03 15:48:32,809 [T9] INFO  JobRunner
All Resources Clear

2023-01-03 15:48:32,812 [T9] INFO  JobRunner
Make report.

2023-01-03 15:48:32,863 [T9] DEBUG JobRunner
OnCompleted

2023-01-03 15:48:32,863 [T9] DEBUG JobRunner
SendJobResult: ExceptionOccured

2023-01-03 15:48:32,864 [T9] INFO  JobRequest
##############################################################
### STATE: ExceptionOccured
##############################################################
Process: MyProcess
Step: CustomLibrary (2/21)

ReferenceError: math is not defined

[CallStack]
  - MyProcess: [2] CustomLibrary

[Global Variables]
  - RESULT = <null> (Any)

[MyProcess Variables]
  - foodName = <undefined> (Undefined)
  - storeName = <undefined> (Undefined)
  - resultText = <undefined> (Undefined)
  - mention1Arr = [' 이용해 주셔서 감사합니다. ', ' 사랑해주셔서 감사합니다. ', ' 고객을 위해 정성을 다합니다. '] (Array1D)
  - mention1 = <undefined> (Undefined)
  - mention2 = <undefined> (Undefined)
  - mention2Arr = <undefined> (Undefined)


2023-01-03 15:48:32,864 [T9] INFO  JobRequest
Last job life cycle state: ExceptionOccured

2023-01-03 15:48:32,884 [T9] INFO  JobRequest
##############################################################
### JOB COMPLETED
##############################################################


2023-01-03 15:48:32,890 [T3] DEBUG JobRequest
Callback - State: ExceptionOccured
Process: MyProcess
Step: CustomLibrary (2/21)

ReferenceError: math is not defined

[CallStack]
  - MyProcess: [2] CustomLibrary

[Global Variables]
  - RESULT = <null> (Any)

[MyProcess Variables]
  - foodName = <undefined> (Undefined)
  - storeName = <undefined> (Undefined)
  - resultText = <undefined> (Undefined)
  - mention1Arr = [' 이용해 주셔서 감사합니다. ', ' 사랑해주셔서 감사합니다. ', ' 고객을 위해 정성을 다합니다. '] (Array1D)
  - mention1 = <undefined> (Undefined)
  - mention2 = <undefined> (Undefined)
  - mention2Arr = <undefined> (Undefined)

2023-01-03 15:48:32,890 [T3] INFO  JobRequest
Callback - JobCompleted

2023-01-03 15:48:32,890 [T3] DEBUG JobRequest
End of Callback Sender

2023-01-03 15:48:32,905 [T9] INFO  JobRunner
RunProcess end

