<?xml version="1.0" encoding="utf-8"?>
<Result id="789c9201-6b18-40d7-a97d-f5dab165e348" name="MyProcess" result="Fail" detail="ReferenceError: math is not defined&#xA;&#xA;Recent Warning Messages =&gt;&#xA;[CATCH_STEP_EXCEPTION] Process: MyProcess&#xA;Step: CustomLibrary (2/21)&#xA;&#xA;ReferenceError: math is not defined" start="2023-01-03T06:48:27.859" end="2023-01-03T06:48:31.733" jobId="Designer_20230103_154825_784">
  <Step id="S5c7a2542f02842198de6409ace1c76ea" taskName="MyProcess" type="Flow" name="Assign" displayName="Assign" callDepth="1" depth="1" num="1" result="Pass" start="2023-01-03T06:48:27.937" end="2023-01-03T06:48:28.181" displayTime="0.2s">
    <Variables>
      <Variable name="mention1Arr" scope="Normal" owner="MyProcess" declareType="Any" isChanged="false" isChangable="true" runtimeType="Undefined" value="&lt;undefined&gt;" />
      <Variable name="mention1" scope="Normal" owner="MyProcess" declareType="Any" isChanged="false" isChangable="true" runtimeType="Undefined" value="&lt;undefined&gt;" />
    </Variables>
    <Properties setIndex="0">
      <Property value="" runtimeType="String" key="Options_OnError" displayKey="On Error" visible="true" required="false" />
      <Property value="" runtimeType="String" key="Key_Description" displayKey="Description" visible="true" required="false" />
      <Property value="this.mention1Arr : [' 이용해 주셔서 감사합니다. ', ' 사랑해주셔서 감사합니다. ', ' 고객을 위해 정성을 다합니다. ']" runtimeType="Array1D" key="Conditions_Variable" displayKey="Variable" visible="true" required="false" />
      <Property value="[' 이용해 주셔서 감사합니다. ', ' 사랑해주셔서 감사합니다. ', ' 고객을 위해 정성을 다합니다. ']" runtimeType="Array1D" key="Conditions_Value" displayKey="Value" visible="true" required="true" />
    </Properties>
  </Step>
  <Step id="S34ca831e6c914188a90c03e5f1c9ae2b" taskName="MyProcess" type="Flow" name="CustomLibrary" displayName="C_Random" callDepth="1" depth="1" num="2" result="Fail" detail="[CATCH_STEP_EXCEPTION] Process: MyProcess&#xA;Step: CustomLibrary (2/21)&#xA;&#xA;ReferenceError: math is not defined&#xA;ReferenceError: math is not defined" start="2023-01-03T06:48:28.201" end="2023-01-03T06:48:31.731" displayTime="3.5s">
    <Variables>
      <Variable name="RESULT" scope="System" declareType="Any" isChanged="false" isChangable="true" runtimeType="Any" value="&lt;null&gt;" />
      <Variable name="mention1Arr" scope="Normal" owner="MyProcess" declareType="Any" isChanged="false" isChangable="true" runtimeType="Array1D" value="[' 이용해 주셔서 감사합니다. ', ' 사랑해주셔서 감사합니다. ', ' 고객을 위해 정성을 다합니다. ']" />
      <Variable name="mention1" scope="Normal" owner="MyProcess" declareType="Any" isChanged="false" isChangable="true" runtimeType="Undefined" value="&lt;undefined&gt;" />
    </Variables>
    <Properties setIndex="0">
      <Property value="" runtimeType="String" key="Options_OnError" displayKey="On Error" visible="true" required="false" />
      <Property value="" runtimeType="String" key="Key_Description" displayKey="Description" visible="true" required="false" />
      <Property value="Project" runtimeType="String" key="Conditions_LibraryScope" displayKey="LibraryScope" visible="false" required="false" />
      <Property value="JavaScript" runtimeType="String" key="Conditions_LibraryNamespace" displayKey="LibraryNamespace" visible="false" required="false" />
      <Property value="C_Random" runtimeType="String" key="Conditions_LibraryName" displayKey="Library" visible="true" required="false" />
      <Property value="JavaScript" runtimeType="String" key="Conditions_LibraryType" displayKey="LibraryType" visible="true" required="false" />
      <Property value="RESULT : " runtimeType="Any" key="Conditions_Result" displayKey="Result" visible="true" required="false" />
      <Property value="[' 이용해 주셔서 감사합니다. ', ' 사랑해주셔서 감사합니다. ', ' 고객을 위해 정성을 다합니다. ']" runtimeType="Array1D" key="Arguments_value" displayKey="value" visible="true" required="true" />
    </Properties>
  </Step>
  <JobInfo>
    <Info name="Bot Version" value="2.5.000.00921" />
    <Info name="Resolution" value="1920x1080" />
  </JobInfo>
</Result>